Performing C SOURCE FILE Test CMAKE_HAVE_LIBC_PTHREAD failed with the following output:
Change Dir: /home/liuchang/codes/computer_vision/bayers_matting/build/CMakeFiles/CMakeTmp

Run Build Command(s):/usr/bin/make -f Makefile cmTC_4c86f/fast && /usr/bin/make  -f CMakeFiles/cmTC_4c86f.dir/build.make CMakeFiles/cmTC_4c86f.dir/build
make[1]: Entering directory '/home/liuchang/codes/computer_vision/bayers_matting/build/CMakeFiles/CMakeTmp'
Building C object CMakeFiles/cmTC_4c86f.dir/src.c.o
/usr/bin/cc -DCMAKE_HAVE_LIBC_PTHREAD  -fPIC  -o CMakeFiles/cmTC_4c86f.dir/src.c.o -c /home/liuchang/codes/computer_vision/bayers_matting/build/CMakeFiles/CMakeTmp/src.c
Linking C executable cmTC_4c86f
/home/liuchang/tools/C++/cmake/bin/cmake -E cmake_link_script CMakeFiles/cmTC_4c86f.dir/link.txt --verbose=1
/usr/bin/cc -fPIC  CMakeFiles/cmTC_4c86f.dir/src.c.o -o cmTC_4c86f 
/usr/bin/ld: CMakeFiles/cmTC_4c86f.dir/src.c.o: in function `main':
src.c:(.text+0x3e): undefined reference to `pthread_create'
/usr/bin/ld: src.c:(.text+0x4a): undefined reference to `pthread_detach'
/usr/bin/ld: src.c:(.text+0x56): undefined reference to `pthread_cancel'
/usr/bin/ld: src.c:(.text+0x67): undefined reference to `pthread_join'
collect2: error: ld returned 1 exit status
make[1]: *** [CMakeFiles/cmTC_4c86f.dir/build.make:99: cmTC_4c86f] Error 1
make[1]: Leaving directory '/home/liuchang/codes/computer_vision/bayers_matting/build/CMakeFiles/CMakeTmp'
make: *** [Makefile:127: cmTC_4c86f/fast] Error 2


Source file was:
#include <pthread.h>

static void* test_func(void* data)
{
  return data;
}

int main(void)
{
  pthread_t thread;
  pthread_create(&thread, NULL, test_func, NULL);
  pthread_detach(thread);
  pthread_cancel(thread);
  pthread_join(thread, NULL);
  pthread_atfork(NULL, NULL, NULL);
  pthread_exit(NULL);

  return 0;
}

Determining if the function pthread_create exists in the pthreads failed with the following output:
Change Dir: /home/liuchang/codes/computer_vision/bayers_matting/build/CMakeFiles/CMakeTmp

Run Build Command(s):/usr/bin/make -f Makefile cmTC_3ba76/fast && /usr/bin/make  -f CMakeFiles/cmTC_3ba76.dir/build.make CMakeFiles/cmTC_3ba76.dir/build
make[1]: Entering directory '/home/liuchang/codes/computer_vision/bayers_matting/build/CMakeFiles/CMakeTmp'
Building C object CMakeFiles/cmTC_3ba76.dir/CheckFunctionExists.c.o
/usr/bin/cc   -fPIC -DCHECK_FUNCTION_EXISTS=pthread_create -o CMakeFiles/cmTC_3ba76.dir/CheckFunctionExists.c.o -c /home/liuchang/tools/C++/cmake/share/cmake-3.21/Modules/CheckFunctionExists.c
Linking C executable cmTC_3ba76
/home/liuchang/tools/C++/cmake/bin/cmake -E cmake_link_script CMakeFiles/cmTC_3ba76.dir/link.txt --verbose=1
/usr/bin/cc -fPIC -DCHECK_FUNCTION_EXISTS=pthread_create CMakeFiles/cmTC_3ba76.dir/CheckFunctionExists.c.o -o cmTC_3ba76  -lpthreads 
/usr/bin/ld: cannot find -lpthreads
collect2: error: ld returned 1 exit status
make[1]: *** [CMakeFiles/cmTC_3ba76.dir/build.make:99: cmTC_3ba76] Error 1
make[1]: Leaving directory '/home/liuchang/codes/computer_vision/bayers_matting/build/CMakeFiles/CMakeTmp'
make: *** [Makefile:127: cmTC_3ba76/fast] Error 2



